Unity Editor version:    2020.3.21f1 (a38c86f6690f)
Branch:                  2020.3/staging
Build type:              Release
Batch mode:              YES
macOS version:           Version 11.6 (Build 20G165)
Darwin version:          20.6.0
Architecture:            x86_64
Running under Rosetta:   YES
Available memory:        8192 MB
Using pre-set license
Pro License: NO

COMMAND LINE ARGUMENTS:
/Applications/Unity/Hub/Editor/2020.3.21f1/Unity.app/Contents/MacOS/Unity
-adb2
-batchMode
-noUpm
-name
AssetImportWorker0
-projectPath
/Users/novikov/Documents/Work/Unity3DProjects/FallingBalls
-logFile
Logs/AssetImportWorker0.log
-srvPort
50005
Successfully changed project path to: /Users/novikov/Documents/Work/Unity3DProjects/FallingBalls
/Users/novikov/Documents/Work/Unity3DProjects/FallingBalls
Using Asset Import Pipeline V2.
Refreshing native plugins compatible for Editor in 29.35 ms, found 2 plugins.
Preloading 0 native plugins for Editor in 0.00 ms.
Initialize engine version: 2020.3.21f1 (a38c86f6690f)
[Subsystems] Discovering subsystems at path /Applications/Unity/Hub/Editor/2020.3.21f1/Unity.app/Contents/Resources/UnitySubsystems
[Subsystems] Discovering subsystems at path /Users/novikov/Documents/Work/Unity3DProjects/FallingBalls/Assets
GfxDevice: creating device client; threaded=0
2021-11-08 18:06:45.635 Unity[2701:78314] (null) preferred device: Apple M1 (high power)
2021-11-08 18:06:45.635 Unity[2701:78314] Metal devices available: 1
2021-11-08 18:06:45.635 Unity[2701:78314] 0: Apple M1 (high power)
2021-11-08 18:06:45.635 Unity[2701:78314] Using device Apple M1 (high power)
Initializing Metal device caps: Apple M1
Initialize mono
Mono path[0] = '/Applications/Unity/Hub/Editor/2020.3.21f1/Unity.app/Contents/Managed'
Mono path[1] = '/Applications/Unity/Hub/Editor/2020.3.21f1/Unity.app/Contents/MonoBleedingEdge/lib/mono/unityjit'
Mono config path = '/Applications/Unity/Hub/Editor/2020.3.21f1/Unity.app/Contents/MonoBleedingEdge/etc'
Using monoOptions --debugger-agent=transport=dt_socket,embedding=1,server=y,suspend=n,address=127.0.0.1:56701
Begin MonoManager ReloadAssembly
Registering precompiled unity dll's ...
Register platform support module: /Applications/Unity/Hub/Editor/2020.3.21f1/Unity.app/Contents/PlaybackEngines/MacStandaloneSupport/UnityEditor.OSXStandalone.Extensions.dll
Registered in 0.000993 seconds.
Native extension for OSXStandalone target not found
Refreshing native plugins compatible for Editor in 28.41 ms, found 2 plugins.
Preloading 0 native plugins for Editor in 0.00 ms.
Mono: successfully reloaded assembly
- Completed reload, in  2.593 seconds
Domain Reload Profiling:
	ReloadAssembly (2593ms)
		BeginReloadAssembly (95ms)
			ExecutionOrderSort (0ms)
			DisableScriptedObjects (0ms)
			BackupInstance (0ms)
			ReleaseScriptingObjects (0ms)
			CreateAndSetChildDomain (8ms)
		EndReloadAssembly (1068ms)
			LoadAssemblies (88ms)
			RebuildTransferFunctionScriptingTraits (0ms)
			SetupTypeCache (192ms)
			ReleaseScriptCaches (0ms)
			RebuildScriptCaches (45ms)
			SetupLoadedEditorAssemblies (546ms)
				LogAssemblyErrors (0ms)
				InitializePlatformSupportModulesInManaged (10ms)
				SetLoadedEditorAssemblies (1ms)
				RefreshPlugins (28ms)
				BeforeProcessingInitializeOnLoad (74ms)
				ProcessInitializeOnLoadAttributes (312ms)
				ProcessInitializeOnLoadMethodAttributes (121ms)
				AfterProcessingInitializeOnLoad (0ms)
				EditorAssembliesLoaded (1ms)
			ExecutionOrderSort2 (0ms)
			AwakeInstancesAfterBackupRestoration (0ms)
Platform modules already initialized, skipping
Registering precompiled user dll's ...
Registered in 0.003132 seconds.
Begin MonoManager ReloadAssembly
Native extension for OSXStandalone target not found
Refreshing native plugins compatible for Editor in 0.30 ms, found 2 plugins.
Preloading 0 native plugins for Editor in 0.00 ms.
Mono: successfully reloaded assembly
- Completed reload, in  2.301 seconds
Domain Reload Profiling:
	ReloadAssembly (2303ms)
		BeginReloadAssembly (278ms)
			ExecutionOrderSort (0ms)
			DisableScriptedObjects (35ms)
			BackupInstance (0ms)
			ReleaseScriptingObjects (0ms)
			CreateAndSetChildDomain (40ms)
		EndReloadAssembly (1929ms)
			LoadAssemblies (199ms)
			RebuildTransferFunctionScriptingTraits (0ms)
			SetupTypeCache (324ms)
			ReleaseScriptCaches (0ms)
			RebuildScriptCaches (55ms)
			SetupLoadedEditorAssemblies (1115ms)
				LogAssemblyErrors (0ms)
				InitializePlatformSupportModulesInManaged (14ms)
				SetLoadedEditorAssemblies (1ms)
				RefreshPlugins (0ms)
				BeforeProcessingInitializeOnLoad (205ms)
				ProcessInitializeOnLoadAttributes (864ms)
				ProcessInitializeOnLoadMethodAttributes (29ms)
				AfterProcessingInitializeOnLoad (1ms)
				EditorAssembliesLoaded (0ms)
			ExecutionOrderSort2 (0ms)
			AwakeInstancesAfterBackupRestoration (28ms)
Platform modules already initialized, skipping
Validating Project structure ... 0.001025 seconds.
Shader import version has changed; will reimport all shaders...
Upgrading shader files ...0.001519 seconds.
Application.AssetDatabase Initial Script Refresh Start
RefreshInfo: InitialScriptRefreshV2(NoUpdateAssetOptions) scanfilter:  ... 1 filters
RefreshProfiler: Total: 0.000ms
Application.AssetDatabase Initial Script Refresh End
Application.AssetDatabase.Refresh Start
Application.AssetDatabase.Refresh End
RefreshInfo: StopAssetImportingV2(ForceSynchronousImport) scanfilter: 
RefreshProfiler: Total: 0.000ms
Launching external process: /Applications/Unity/Hub/Editor/2020.3.21f1/Unity.app/Contents/Tools/UnityShaderCompiler
Launched and connected shader compiler UnityShaderCompiler after 0.02 seconds
Initializing Unity extensions:
========================================================================
Worker process is ready to serve import requests
Refreshing native plugins compatible for Editor in 0.30 ms, found 2 plugins.
Preloading 0 native plugins for Editor in 0.00 ms.
Unloading 1529 Unused Serialized files (Serialized files now loaded: 0)
System memory in use before: 168.8 MB.
System memory in use after: 168.0 MB.

Unloading 108 unused Assets to reduce memory usage. Loaded Objects now: 2002.
Total: 2.497917 ms (FindLiveObjects: 0.105250 ms CreateObjectMapping: 0.030084 ms MarkObjects: 1.947958 ms  DeleteObjects: 0.414084 ms)

AssetImportParameters requested are different than current active one (requested -> active):
  custom:video-decoder-ogg-theora: a1e56fd34408186e4bbccfd4996cb3dc -> 
  custom:container-muxer-webm: aa71ff27fc2769a1b78a27578f13a17b -> 
  custom:container-demuxer-webm: 4f35f7cbe854078d1ac9338744f61a02 -> 
  custom:container-demuxer-ogg: 62fdf1f143b41e24485cea50d1cbac27 -> 
  custom:video-encoder-webm-vp8: eb34c28f22e8b96e1ab97ce403110664 -> 
  custom:framework-osx-AVFoundation: e770b220cccbd017edd2c1fefb359320 -> 
  custom:video-decoder-webm-vp8: 9c59270c3fd7afecdb556c50c9e8de78 -> 
  custom:audio-decoder-ogg-vorbis: bf7c407c2cedff20999df2af8eb42d56 -> 
  custom:audio-encoder-webm-vorbis: bf7c407c2cedff20999df2af8eb42d56 -> 
========================================================================
Received Import Request.
  path: Assets/UI/Resources/Image
  artifactKey: Guid(06083368709d78f48978b3caaf394a53) Importer(815301076,1909f56bfc062723c751e8b465ee728b)
Start importing Assets/UI/Resources/Image using Guid(06083368709d78f48978b3caaf394a53) Importer(815301076,1909f56bfc062723c751e8b465ee728b)  -> (artifact id: 'd0d8fa00dca263b5da643cad7c22fc66') in 0.005317 seconds 
  Import took 0.007366 seconds .

========================================================================
Received Import Request.
  Time since last request: 0.000340 seconds.
  path: Assets/UI/Resources/Image/CloseIcon.png
  artifactKey: Guid(bb79e5ef9275a1d4a8452e1ab449c070) Importer(815301076,1909f56bfc062723c751e8b465ee728b)
Start importing Assets/UI/Resources/Image/CloseIcon.png using Guid(bb79e5ef9275a1d4a8452e1ab449c070) Importer(815301076,1909f56bfc062723c751e8b465ee728b)  -> (artifact id: 'c7118f8baf53ddab06d2df9c1d093605') in 0.641473 seconds 
  Import took 0.643343 seconds .

========================================================================
Received Import Request.
  Time since last request: 5.096292 seconds.
  path: Assets/UI/Resources/Image/RetryIcon.png
  artifactKey: Guid(e20a9695ff179a74daf4a8563f085d72) Importer(815301076,1909f56bfc062723c751e8b465ee728b)
Start importing Assets/UI/Resources/Image/RetryIcon.png using Guid(e20a9695ff179a74daf4a8563f085d72) Importer(815301076,1909f56bfc062723c751e8b465ee728b)  -> (artifact id: '8ca40e980ec013477e123a2360a824dd') in 0.048679 seconds 
  Import took 0.051065 seconds .

========================================================================
Received Prepare
Refreshing native plugins compatible for Editor in 2.76 ms, found 2 plugins.
Preloading 0 native plugins for Editor in 0.00 ms.
Unloading 12 Unused Serialized files (Serialized files now loaded: 0)
System memory in use before: 142.4 MB.
System memory in use after: 142.6 MB.

Unloading 12 unused Assets to reduce memory usage. Loaded Objects now: 2007.
Total: 2.224500 ms (FindLiveObjects: 0.102083 ms CreateObjectMapping: 0.029709 ms MarkObjects: 2.079791 ms  DeleteObjects: 0.012459 ms)

AssetImportParameters requested are different than current active one (requested -> active):
  custom:video-decoder-ogg-theora: a1e56fd34408186e4bbccfd4996cb3dc -> 
  custom:container-muxer-webm: aa71ff27fc2769a1b78a27578f13a17b -> 
  custom:container-demuxer-webm: 4f35f7cbe854078d1ac9338744f61a02 -> 
  custom:container-demuxer-ogg: 62fdf1f143b41e24485cea50d1cbac27 -> 
  custom:video-encoder-webm-vp8: eb34c28f22e8b96e1ab97ce403110664 -> 
  custom:framework-osx-AVFoundation: e770b220cccbd017edd2c1fefb359320 -> 
  custom:video-decoder-webm-vp8: 9c59270c3fd7afecdb556c50c9e8de78 -> 
  custom:audio-decoder-ogg-vorbis: bf7c407c2cedff20999df2af8eb42d56 -> 
  custom:audio-encoder-webm-vorbis: bf7c407c2cedff20999df2af8eb42d56 -> 
========================================================================
Received Import Request.
  Time since last request: 74.705517 seconds.
  path: Assets/UI/Resources/Image/Plane.png
  artifactKey: Guid(d17a2c6f667532c42ade9ac91fac3eb9) Importer(815301076,1909f56bfc062723c751e8b465ee728b)
Start importing Assets/UI/Resources/Image/Plane.png using Guid(d17a2c6f667532c42ade9ac91fac3eb9) Importer(815301076,1909f56bfc062723c751e8b465ee728b)  -> (artifact id: 'a40c4c064f8b89c760175cf88bf6d46a') in 0.014599 seconds 
  Import took 0.017350 seconds .

========================================================================
Received Import Request.
  Time since last request: 159.271584 seconds.
  path: Assets/UI/Resources/Image/PlayIcon.png
  artifactKey: Guid(509ac93db70c78641b848c28ca4f59e3) Importer(815301076,1909f56bfc062723c751e8b465ee728b)
Start importing Assets/UI/Resources/Image/PlayIcon.png using Guid(509ac93db70c78641b848c28ca4f59e3) Importer(815301076,1909f56bfc062723c751e8b465ee728b)  -> (artifact id: 'fd2cbb77dadf27d3091900575da6957d') in 0.008892 seconds 
  Import took 0.011016 seconds .

========================================================================
Received Import Request.
  Time since last request: 72.684721 seconds.
  path: Assets/UI/Resources/Image/RetryIcon.png
  artifactKey: Guid(e20a9695ff179a74daf4a8563f085d72) Importer(815301076,1909f56bfc062723c751e8b465ee728b)
Start importing Assets/UI/Resources/Image/RetryIcon.png using Guid(e20a9695ff179a74daf4a8563f085d72) Importer(815301076,1909f56bfc062723c751e8b465ee728b)  -> (artifact id: 'd26e32a60e7999260bb9771a28b34c9f') in 0.011777 seconds 
  Import took 0.017193 seconds .

========================================================================
Received Import Request.
  Time since last request: 5.227431 seconds.
  path: Assets/UI/Resources/Image/RetryIcon.png
  artifactKey: Guid(e20a9695ff179a74daf4a8563f085d72) Importer(815301076,1909f56bfc062723c751e8b465ee728b)
Start importing Assets/UI/Resources/Image/RetryIcon.png using Guid(e20a9695ff179a74daf4a8563f085d72) Importer(815301076,1909f56bfc062723c751e8b465ee728b)  -> (artifact id: '4c8f783e89616d007dc3ee15af0d9b4c') in 0.009458 seconds 
  Import took 0.011597 seconds .

========================================================================
Received Import Request.
  Time since last request: 270.641715 seconds.
  path: Assets/UI/Resources/Image/HeartIcon.png
  artifactKey: Guid(170b612754007ef4fa28c436b00d99f8) Importer(815301076,1909f56bfc062723c751e8b465ee728b)
Start importing Assets/UI/Resources/Image/HeartIcon.png using Guid(170b612754007ef4fa28c436b00d99f8) Importer(815301076,1909f56bfc062723c751e8b465ee728b)  -> (artifact id: 'e71e7dae1b0cf75c6d93379a879363a1') in 0.014677 seconds 
  Import took 0.017543 seconds .

========================================================================
Received Import Request.
  Time since last request: 0.674855 seconds.
  path: Assets/UI/Resources/Image/Frame8.png
  artifactKey: Guid(db4dd39b7dbb6c04c82f7528ca412d37) Importer(815301076,1909f56bfc062723c751e8b465ee728b)
Start importing Assets/UI/Resources/Image/Frame8.png using Guid(db4dd39b7dbb6c04c82f7528ca412d37) Importer(815301076,1909f56bfc062723c751e8b465ee728b)  -> (artifact id: 'd816ec631d52dc41e91957f472bd3b6b') in 0.013831 seconds 
  Import took 0.017353 seconds .

========================================================================
Received Import Request.
  Time since last request: 79.894546 seconds.
  path: Assets/UI/Resources/Image/PauseIcon.png
  artifactKey: Guid(a5710538d75bd8f4592ffd720cd74c1a) Importer(815301076,1909f56bfc062723c751e8b465ee728b)
Start importing Assets/UI/Resources/Image/PauseIcon.png using Guid(a5710538d75bd8f4592ffd720cd74c1a) Importer(815301076,1909f56bfc062723c751e8b465ee728b)  -> (artifact id: '0abed95b6e8594133fa716e2fc017ba2') in 0.009936 seconds 
  Import took 0.012158 seconds .

